Using pre-set license
Built from '2020.2/release' branch; Version is '2020.2.1f1 (270dd8c3da1c) revision 2559448'; Using compiler version '192528614'; Build Type 'Release'
OS: 'Windows 10  (10.0.0) 64bit' Language: 'en' Physical Memory: 24539 MB
BatchMode: 1, IsHumanControllingUs: 0, StartBugReporterOnCrash: 0, Is64bit: 1, IsPro: 0

 COMMAND LINE ARGUMENTS:
N:\programms\ForProgramming\2020.1.0f1\2020.2.1f1\Editor\Unity.exe
-adb2
-batchMode
-noUpm
-name
AssetImportWorker0
-projectPath
N:/Eliott_Alderson/study/Unity/Book(1000)/Prospector solitaire
-logFile
Logs/AssetImportWorker0.log
-srvPort
1739
Successfully changed project path to: N:/Eliott_Alderson/study/Unity/Book(1000)/Prospector solitaire
N:/Eliott_Alderson/study/Unity/Book(1000)/Prospector solitaire
Using Asset Import Pipeline V2.
Refreshing native plugins compatible for Editor in 37.00 ms, found 1 plugins.
Preloading 0 native plugins for Editor in 0.00 ms.
Initialize engine version: 2020.2.1f1 (270dd8c3da1c)
[Subsystems] Discovering subsystems at path N:/programms/ForProgramming/2020.1.0f1/2020.2.1f1/Editor/Data/Resources/UnitySubsystems
[Subsystems] Discovering subsystems at path N:/Eliott_Alderson/study/Unity/Book(1000)/Prospector solitaire/Assets
GfxDevice: creating device client; threaded=0
Direct3D:
    Version:  Direct3D 11.0 [level 11.1]
    Renderer: NVIDIA GeForce GTX 1050 Ti (ID=0x1c82)
    Vendor:   
    VRAM:     4018 MB
    Driver:   23.21.13.9077
Initialize mono
Mono path[0] = 'N:/programms/ForProgramming/2020.1.0f1/2020.2.1f1/Editor/Data/Managed'
Mono path[1] = 'N:/programms/ForProgramming/2020.1.0f1/2020.2.1f1/Editor/Data/MonoBleedingEdge/lib/mono/unityjit'
Mono config path = 'N:/programms/ForProgramming/2020.1.0f1/2020.2.1f1/Editor/Data/MonoBleedingEdge/etc'
Using monoOptions --debugger-agent=transport=dt_socket,embedding=1,server=y,suspend=n,address=127.0.0.1:56380
Begin MonoManager ReloadAssembly
Registering precompiled unity dll's ...
Register platform support module: N:/programms/ForProgramming/2020.1.0f1/2020.2.1f1/Editor/Data/PlaybackEngines/WebGLSupport/UnityEditor.WebGL.Extensions.dll
Register platform support module: N:/programms/ForProgramming/2020.1.0f1/2020.2.1f1/Editor/Data/PlaybackEngines/WindowsStandaloneSupport/UnityEditor.WindowsStandalone.Extensions.dll
Registered in 0.001182 seconds.
Native extension for WindowsStandalone target not found
Native extension for WebGL target not found
Refreshing native plugins compatible for Editor in 35.75 ms, found 1 plugins.
Preloading 0 native plugins for Editor in 0.00 ms.
Invoked RoslynAnalysisRunner static constructor.
RoslynAnalysisRunner will not be running.
RoslynAnalysisRunner has terminated.
Mono: successfully reloaded assembly
- Completed reload, in  1.759 seconds
Platform modules already initialized, skipping
Registering precompiled user dll's ...
Registered in 0.000796 seconds.
Begin MonoManager ReloadAssembly
Native extension for WindowsStandalone target not found
Native extension for WebGL target not found
Refreshing native plugins compatible for Editor in 37.56 ms, found 1 plugins.
Preloading 0 native plugins for Editor in 0.00 ms.
Invoked RoslynAnalysisRunner static constructor.
RoslynAnalysisRunner will not be running.
RoslynAnalysisRunner has terminated.
Mono: successfully reloaded assembly
- Completed reload, in  0.942 seconds
Platform modules already initialized, skipping
========================================================================
Worker process is ready to serve import requests
Launched and connected shader compiler UnityShaderCompiler.exe after 0.03 seconds
Refreshing native plugins compatible for Editor in 0.42 ms, found 1 plugins.
Preloading 0 native plugins for Editor in 0.00 ms.
Unloading 1801 Unused Serialized files (Serialized files now loaded: 0)
System memory in use before: 84.9 MB.
System memory in use after: 84.9 MB.

Unloading 24 unused Assets to reduce memory usage. Loaded Objects now: 2245.
Total: 2.049300 ms (FindLiveObjects: 0.224500 ms CreateObjectMapping: 0.094000 ms MarkObjects: 1.585500 ms  DeleteObjects: 0.143900 ms)

========================================================================
Received Import Request.
  path: Assets/__Scripts/Deck.cs
  artifactKey: Guid(c264913487dc71b47881332fe3b258fd) Importer(815301076,1909f56bfc062723c751e8b465ee728b)
Start importing Assets/__Scripts/Deck.cs using Guid(c264913487dc71b47881332fe3b258fd) Importer(815301076,1909f56bfc062723c751e8b465ee728b)  -> (artifact id: '7753e54ebccbd453cc705a0aca082a7e') in 0.054712 seconds
  Import took 0.057638 seconds .

========================================================================
Received Import Request.
  Time since last request: 8.408847 seconds.
  path: Assets/__Scripts/Deck.cs
  artifactKey: Guid(c264913487dc71b47881332fe3b258fd) Importer(815301076,1909f56bfc062723c751e8b465ee728b)
Start importing Assets/__Scripts/Deck.cs using Guid(c264913487dc71b47881332fe3b258fd) Importer(815301076,1909f56bfc062723c751e8b465ee728b)  -> (artifact id: '55b37948b7f4d6a2dc1bfffb79ba1ef8') in 0.006630 seconds
  Import took 0.010521 seconds .

========================================================================
Received Import Request.
  Time since last request: 15.618060 seconds.
  path: Assets/__Scripts/Deck.cs
  artifactKey: Guid(c264913487dc71b47881332fe3b258fd) Importer(815301076,1909f56bfc062723c751e8b465ee728b)
Start importing Assets/__Scripts/Deck.cs using Guid(c264913487dc71b47881332fe3b258fd) Importer(815301076,1909f56bfc062723c751e8b465ee728b)  -> (artifact id: '920a3fee0420b7e2d66c9f23c8fa4b19') in 0.007326 seconds
  Import took 0.010096 seconds .

========================================================================
Received Import Request.
  Time since last request: 19.270105 seconds.
  path: Assets/__Scripts/Deck.cs
  artifactKey: Guid(c264913487dc71b47881332fe3b258fd) Importer(815301076,1909f56bfc062723c751e8b465ee728b)
Start importing Assets/__Scripts/Deck.cs using Guid(c264913487dc71b47881332fe3b258fd) Importer(815301076,1909f56bfc062723c751e8b465ee728b)  -> (artifact id: '392400ad0dcff791c23416bfa8c71644') in 0.006661 seconds
  Import took 0.010233 seconds .

========================================================================
Received Prepare
Registering precompiled user dll's ...
Registered in 0.000748 seconds.
Begin MonoManager ReloadAssembly
Native extension for WindowsStandalone target not found
Native extension for WebGL target not found
Refreshing native plugins compatible for Editor in 0.36 ms, found 1 plugins.
Preloading 0 native plugins for Editor in 0.00 ms.
Invoked RoslynAnalysisRunner static constructor.
RoslynAnalysisRunner will not be running.
RoslynAnalysisRunner has terminated.
Mono: successfully reloaded assembly
- Completed reload, in  0.839 seconds
Platform modules already initialized, skipping
Refreshing native plugins compatible for Editor in 0.48 ms, found 1 plugins.
Preloading 0 native plugins for Editor in 0.00 ms.
Unloading 1795 Unused Serialized files (Serialized files now loaded: 0)
System memory in use before: 85.0 MB.
System memory in use after: 85.0 MB.

Unloading 12 unused Assets to reduce memory usage. Loaded Objects now: 2248.
Total: 2.210900 ms (FindLiveObjects: 0.202700 ms CreateObjectMapping: 0.075200 ms MarkObjects: 1.838700 ms  DeleteObjects: 0.092600 ms)

========================================================================
Received Prepare
Registering precompiled user dll's ...
Registered in 0.001215 seconds.
Begin MonoManager ReloadAssembly
Native extension for WindowsStandalone target not found
Native extension for WebGL target not found
Refreshing native plugins compatible for Editor in 0.50 ms, found 1 plugins.
Preloading 0 native plugins for Editor in 0.00 ms.
Invoked RoslynAnalysisRunner static constructor.
RoslynAnalysisRunner will not be running.
RoslynAnalysisRunner has terminated.
Mono: successfully reloaded assembly
- Completed reload, in  1.028 seconds
Platform modules already initialized, skipping
Refreshing native plugins compatible for Editor in 0.41 ms, found 1 plugins.
Preloading 0 native plugins for Editor in 0.00 ms.
Unloading 1795 Unused Serialized files (Serialized files now loaded: 0)
System memory in use before: 85.2 MB.
System memory in use after: 85.2 MB.

Unloading 12 unused Assets to reduce memory usage. Loaded Objects now: 2251.
Total: 3.294400 ms (FindLiveObjects: 0.212500 ms CreateObjectMapping: 0.075900 ms MarkObjects: 2.853400 ms  DeleteObjects: 0.150900 ms)

========================================================================
Received Prepare
Refreshing native plugins compatible for Editor in 2.08 ms, found 1 plugins.
Preloading 0 native plugins for Editor in 0.00 ms.
Unloading 10 Unused Serialized files (Serialized files now loaded: 0)
System memory in use before: 50.2 MB.
System memory in use after: 50.2 MB.

Unloading 10 unused Assets to reduce memory usage. Loaded Objects now: 2251.
Total: 2.398800 ms (FindLiveObjects: 0.216900 ms CreateObjectMapping: 0.075600 ms MarkObjects: 1.947300 ms  DeleteObjects: 0.157500 ms)

========================================================================
Received Prepare
Refreshing native plugins compatible for Editor in 1.35 ms, found 1 plugins.
Preloading 0 native plugins for Editor in 0.00 ms.
Unloading 10 Unused Serialized files (Serialized files now loaded: 0)
System memory in use before: 50.4 MB.
System memory in use after: 50.4 MB.

Unloading 10 unused Assets to reduce memory usage. Loaded Objects now: 2251.
Total: 2.999600 ms (FindLiveObjects: 0.198100 ms CreateObjectMapping: 0.068500 ms MarkObjects: 2.600400 ms  DeleteObjects: 0.131100 ms)

========================================================================
Received Prepare
Registering precompiled user dll's ...
Registered in 0.000754 seconds.
Begin MonoManager ReloadAssembly
Native extension for WindowsStandalone target not found
Native extension for WebGL target not found
Refreshing native plugins compatible for Editor in 0.39 ms, found 1 plugins.
Preloading 0 native plugins for Editor in 0.00 ms.
Invoked RoslynAnalysisRunner static constructor.
RoslynAnalysisRunner will not be running.
RoslynAnalysisRunner has terminated.
Mono: successfully reloaded assembly
- Completed reload, in  1.031 seconds
Platform modules already initialized, skipping
Refreshing native plugins compatible for Editor in 0.39 ms, found 1 plugins.
Preloading 0 native plugins for Editor in 0.00 ms.
Unloading 1799 Unused Serialized files (Serialized files now loaded: 0)
System memory in use before: 85.8 MB.
System memory in use after: 85.8 MB.

Unloading 12 unused Assets to reduce memory usage. Loaded Objects now: 2254.
Total: 2.063200 ms (FindLiveObjects: 0.204900 ms CreateObjectMapping: 0.059200 ms MarkObjects: 1.672900 ms  DeleteObjects: 0.125200 ms)

========================================================================
Received Prepare
Refreshing native plugins compatible for Editor in 1.93 ms, found 1 plugins.
Preloading 0 native plugins for Editor in 0.00 ms.
Unloading 13 Unused Serialized files (Serialized files now loaded: 0)
System memory in use before: 50.7 MB.
System memory in use after: 50.7 MB.

Unloading 10 unused Assets to reduce memory usage. Loaded Objects now: 2254.
Total: 2.735800 ms (FindLiveObjects: 0.207700 ms CreateObjectMapping: 0.079800 ms MarkObjects: 2.350800 ms  DeleteObjects: 0.096000 ms)

========================================================================
Received Prepare
Refreshing native plugins compatible for Editor in 1.33 ms, found 1 plugins.
Preloading 0 native plugins for Editor in 0.00 ms.
Unloading 10 Unused Serialized files (Serialized files now loaded: 0)
System memory in use before: 50.8 MB.
System memory in use after: 50.8 MB.

Unloading 10 unused Assets to reduce memory usage. Loaded Objects now: 2254.
Total: 2.717300 ms (FindLiveObjects: 0.204800 ms CreateObjectMapping: 0.074900 ms MarkObjects: 2.318800 ms  DeleteObjects: 0.116800 ms)

========================================================================
Received Prepare
Refreshing native plugins compatible for Editor in 1.74 ms, found 1 plugins.
Preloading 0 native plugins for Editor in 0.00 ms.
Unloading 10 Unused Serialized files (Serialized files now loaded: 0)
System memory in use before: 50.9 MB.
System memory in use after: 50.9 MB.

Unloading 10 unused Assets to reduce memory usage. Loaded Objects now: 2254.
Total: 3.733200 ms (FindLiveObjects: 0.223300 ms CreateObjectMapping: 0.077100 ms MarkObjects: 3.328400 ms  DeleteObjects: 0.102700 ms)

========================================================================
Received Prepare
Registering precompiled user dll's ...
Registered in 0.000789 seconds.
Begin MonoManager ReloadAssembly
Native extension for WindowsStandalone target not found
Native extension for WebGL target not found
Refreshing native plugins compatible for Editor in 0.35 ms, found 1 plugins.
Preloading 0 native plugins for Editor in 0.00 ms.
Invoked RoslynAnalysisRunner static constructor.
RoslynAnalysisRunner will not be running.
RoslynAnalysisRunner has terminated.
Mono: successfully reloaded assembly
- Completed reload, in  0.856 seconds
Platform modules already initialized, skipping
Refreshing native plugins compatible for Editor in 0.37 ms, found 1 plugins.
Preloading 0 native plugins for Editor in 0.00 ms.
Unloading 1798 Unused Serialized files (Serialized files now loaded: 0)
System memory in use before: 86.5 MB.
System memory in use after: 86.5 MB.

Unloading 12 unused Assets to reduce memory usage. Loaded Objects now: 2257.
Total: 1.958200 ms (FindLiveObjects: 0.192500 ms CreateObjectMapping: 0.067700 ms MarkObjects: 1.566000 ms  DeleteObjects: 0.130400 ms)

========================================================================
Received Prepare
Refreshing native plugins compatible for Editor in 5.74 ms, found 1 plugins.
Preloading 0 native plugins for Editor in 0.00 ms.
Unloading 10 Unused Serialized files (Serialized files now loaded: 0)
System memory in use before: 51.4 MB.
System memory in use after: 51.4 MB.

Unloading 10 unused Assets to reduce memory usage. Loaded Objects now: 2257.
Total: 2.643400 ms (FindLiveObjects: 0.225200 ms CreateObjectMapping: 0.094000 ms MarkObjects: 2.214900 ms  DeleteObjects: 0.108000 ms)

========================================================================
Received Prepare
Refreshing native plugins compatible for Editor in 1.66 ms, found 1 plugins.
Preloading 0 native plugins for Editor in 0.00 ms.
Unloading 10 Unused Serialized files (Serialized files now loaded: 0)
System memory in use before: 51.5 MB.
System memory in use after: 51.5 MB.

Unloading 10 unused Assets to reduce memory usage. Loaded Objects now: 2257.
Total: 2.169200 ms (FindLiveObjects: 0.252900 ms CreateObjectMapping: 0.095300 ms MarkObjects: 1.721800 ms  DeleteObjects: 0.097400 ms)

========================================================================
Received Prepare
Refreshing native plugins compatible for Editor in 1.67 ms, found 1 plugins.
Preloading 0 native plugins for Editor in 0.00 ms.
Unloading 10 Unused Serialized files (Serialized files now loaded: 0)
System memory in use before: 50.8 MB.
System memory in use after: 50.8 MB.

Unloading 10 unused Assets to reduce memory usage. Loaded Objects now: 2257.
Total: 2.387400 ms (FindLiveObjects: 0.186500 ms CreateObjectMapping: 0.081300 ms MarkObjects: 2.021000 ms  DeleteObjects: 0.097300 ms)

AssetImportWorkerClient::OnTransportError - code=2 error=End of file
